<?xml version="1.0" encoding="UTF-8"?>
<testsuite name="com.nativestream.android.ui.viewmodel.NowBucketsTest" tests="5" skipped="0" failures="0" errors="0" timestamp="2026-07-25T10:52:57.818Z" hostname="Fredricks-MacBook-Pro.local" time="0.006">
  <properties/>
  <testcase name="no current programme with next within 2h appears in startingSoon" classname="com.nativestream.android.ui.viewmodel.NowBucketsTest" time="0.002"/>
  <testcase name="no current programme with next beyond 2h excluded from all buckets" classname="com.nativestream.android.ui.viewmodel.NowBucketsTest" time="0.001"/>
  <testcase name="live non-match sport programme appears in liveOnAir not liveMatches" classname="com.nativestream.android.ui.viewmodel.NowBucketsTest" time="0.001"/>
  <testcase name="live sport programme with vs appears in liveMatches not liveOnAir" classname="com.nativestream.android.ui.viewmodel.NowBucketsTest" time="0.001"/>
  <testcase name="channel with current programme excluded from startingSoon" classname="com.nativestream.android.ui.viewmodel.NowBucketsTest" time="0.001"/>
  <system-out><![CDATA[]]></system-out>
  <system-err><![CDATA[]]></system-err>
</testsuite>
