<?xml version="1.0" encoding="UTF-8"?>
<testsuite name="com.nativestream.android.data.local.SettingsDataStoreTest" tests="7" skipped="0" failures="0" errors="0" timestamp="2026-07-25T10:52:49.365Z" hostname="Fredricks-MacBook-Pro.local" time="5.125">
  <properties/>
  <testcase name="T019 - setServerUrl round-trips correctly" classname="com.nativestream.android.data.local.SettingsDataStoreTest" time="4.982"/>
  <testcase name="T019 - unknown bufferPreset string defaults to DEFAULT without crash" classname="com.nativestream.android.data.local.SettingsDataStoreTest" time="0.022"/>
  <testcase name="T019 - updateSource reflects updated fields in next emission" classname="com.nativestream.android.data.local.SettingsDataStoreTest" time="0.047"/>
  <testcase name="T019 - setOnboardingComplete true round-trips correctly" classname="com.nativestream.android.data.local.SettingsDataStoreTest" time="0.018"/>
  <testcase name="T019 - removeSource is absent from subsequent emission" classname="com.nativestream.android.data.local.SettingsDataStoreTest" time="0.02"/>
  <testcase name="T019 - addSource appears in subsequent emission" classname="com.nativestream.android.data.local.SettingsDataStoreTest" time="0.018"/>
  <testcase name="T019 - setBufferPreset HIGH round-trips correctly" classname="com.nativestream.android.data.local.SettingsDataStoreTest" time="0.016"/>
  <system-out><![CDATA[]]></system-out>
  <system-err><![CDATA[]]></system-err>
</testsuite>
