<?xml version="1.0" encoding="UTF-8"?>
<testsuite name="com.nativestream.android.data.parser.EpgParserTest" tests="9" skipped="0" failures="0" errors="0" timestamp="2026-07-25T10:52:54.500Z" hostname="Fredricks-MacBook-Pro.local" time="0.146">
  <properties/>
  <testcase name="T007 - programme stop epoch parsed correctly" classname="com.nativestream.android.data.parser.EpgParserTest" time="0.026"/>
  <testcase name="T008 - missing stop attribute skips entry without crash" classname="com.nativestream.android.data.parser.EpgParserTest" time="0.012"/>
  <testcase name="T007 - correct channel count in returned EpgStore" classname="com.nativestream.android.data.parser.EpgParserTest" time="0.013"/>
  <testcase name="T007 - programme start epoch parsed correctly" classname="com.nativestream.android.data.parser.EpgParserTest" time="0.016"/>
  <testcase name="T008 - partial XML returns whatever was successfully parsed" classname="com.nativestream.android.data.parser.EpgParserTest" time="0.013"/>
  <testcase name="T008 - malformed date string skips entry without crash" classname="com.nativestream.android.data.parser.EpgParserTest" time="0.013"/>
  <testcase name="T007 - programme title parsed correctly" classname="com.nativestream.android.data.parser.EpgParserTest" time="0.016"/>
  <testcase name="T007 - programmes keyed by channel tvg-id" classname="com.nativestream.android.data.parser.EpgParserTest" time="0.016"/>
  <testcase name="T007 - XMLTV date 20250101120000 +0000 parses to correct epoch" classname="com.nativestream.android.data.parser.EpgParserTest" time="0.021"/>
  <system-out><![CDATA[]]></system-out>
  <system-err><![CDATA[]]></system-err>
</testsuite>
