<?xml version="1.0" encoding="UTF-8"?>
<testsuite name="com.nativestream.android.data.parser.EpgStoreTest" tests="7" skipped="0" failures="0" errors="0" timestamp="2026-07-25T10:52:54.649Z" hostname="Fredricks-MacBook-Pro.local" time="0.002">
  <properties/>
  <testcase name="schedule excludes programmes outside window" classname="com.nativestream.android.data.parser.EpgStoreTest" time="0.001"/>
  <testcase name="unknown tvgId returns empty list not null" classname="com.nativestream.android.data.parser.EpgStoreTest" time="0.001"/>
  <testcase name="lowercase fallback - tvgId BBC_ONE matches key bbc_one" classname="com.nativestream.android.data.parser.EpgStoreTest" time="0.0"/>
  <testcase name="nextProgramme returns earliest programme with startEpochMs after now" classname="com.nativestream.android.data.parser.EpgStoreTest" time="0.0"/>
  <testcase name="schedule filters correctly by time window" classname="com.nativestream.android.data.parser.EpgStoreTest" time="0.0"/>
  <testcase name="currentProgramme returns programme where isNow is true" classname="com.nativestream.android.data.parser.EpgStoreTest" time="0.0"/>
  <testcase name="exact tvgId match returns correct programmes" classname="com.nativestream.android.data.parser.EpgStoreTest" time="0.0"/>
  <system-out><![CDATA[]]></system-out>
  <system-err><![CDATA[]]></system-err>
</testsuite>
