<?xml version="1.0" encoding="UTF-8"?>
<testsuite name="com.nativestream.android.data.remote.ApiClientEndpointTest" tests="5" skipped="0" failures="0" errors="0" timestamp="2026-07-25T10:52:54.996Z" hostname="Fredricks-MacBook-Pro.local" time="0.458">
  <properties/>
  <testcase name="T010 - createChannel hits POST api-channels" classname="com.nativestream.android.data.remote.ApiClientEndpointTest" time="0.442"/>
  <testcase name="T010 - health hits GET api-health" classname="com.nativestream.android.data.remote.ApiClientEndpointTest" time="0.004"/>
  <testcase name="T010 - deleteChannel hits DELETE api-channels-id" classname="com.nativestream.android.data.remote.ApiClientEndpointTest" time="0.003"/>
  <testcase name="T010 - listChannels hits GET api-channels and returns channel list" classname="com.nativestream.android.data.remote.ApiClientEndpointTest" time="0.004"/>
  <testcase name="T010 - triggerProbe hits POST api-probe" classname="com.nativestream.android.data.remote.ApiClientEndpointTest" time="0.005"/>
  <system-out><![CDATA[]]></system-out>
  <system-err><![CDATA[SLF4J(W): No SLF4J providers were found.
SLF4J(W): Defaulting to no-operation (NOP) logger implementation
SLF4J(W): See https://www.slf4j.org/codes.html#noProviders for further details.
]]></system-err>
</testsuite>
