<?xml version="1.0" encoding="UTF-8"?>
<testsuite name="com.nativestream.android.ui.viewmodel.EpgViewModelTest" tests="9" skipped="0" failures="0" errors="0" timestamp="2026-07-25T10:52:56.682Z" hostname="Fredricks-MacBook-Pro.local" time="0.986">
  <properties/>
  <testcase name="T014 - hasContent GOLF false when no live or upcoming golf" classname="com.nativestream.android.ui.viewmodel.EpgViewModelTest" time="0.743"/>
  <testcase name="T013 - load sets isLoading true during fetch then false after" classname="com.nativestream.android.ui.viewmodel.EpgViewModelTest" time="0.035"/>
  <testcase name="T013 - schedule deduplicates across stores by Programme id" classname="com.nativestream.android.ui.viewmodel.EpgViewModelTest" time="0.042"/>
  <testcase name="T013 - activeSports sorted by live count descending" classname="com.nativestream.android.ui.viewmodel.EpgViewModelTest" time="0.03"/>
  <testcase name="T014 - matchesSport FOOTBALL true when title contains premier league" classname="com.nativestream.android.ui.viewmodel.EpgViewModelTest" time="0.029"/>
  <testcase name="T014 - activeSports excludes sports with no content" classname="com.nativestream.android.ui.viewmodel.EpgViewModelTest" time="0.026"/>
  <testcase name="T013 - nextProgramme returns earliest future programme" classname="com.nativestream.android.ui.viewmodel.EpgViewModelTest" time="0.026"/>
  <testcase name="T013 - currentProgramme delegates to store and returns correctly" classname="com.nativestream.android.ui.viewmodel.EpgViewModelTest" time="0.025"/>
  <testcase name="T013 - logMatchDiagnostic with empty list does not crash" classname="com.nativestream.android.ui.viewmodel.EpgViewModelTest" time="0.03"/>
  <system-out><![CDATA[]]></system-out>
  <system-err><![CDATA[SLF4J(W): No SLF4J providers were found.
SLF4J(W): Defaulting to no-operation (NOP) logger implementation
SLF4J(W): See https://www.slf4j.org/codes.html#noProviders for further details.
]]></system-err>
</testsuite>
